{"active":true,"createdAt":"2022-07-28T00:17:46.767Z","id":45,"level":"info","message":"account.created.step1","name":"Account de prueba","updatedAt":"2022-07-28T00:17:46.767Z"}
{"level":"info","message":"account.created.step2"}
{"account":{"active":true,"createdAt":"2022-07-28T00:18:38.518Z","id":46,"name":"Account de prueba","updatedAt":"2022-07-28T00:18:38.518Z"},"level":"info","message":"account.created.step1"}
{"level":"info","message":"account.created.step2"}
{"account":{"active":true,"createdAt":"2022-07-28T02:04:12.157Z","id":47,"name":"Account de prueba","updatedAt":"2022-07-28T02:04:12.157Z"},"level":"info","message":"create.account.step1"}
{"account":{"active":true,"createdAt":"2022-07-28T02:05:20.609Z","id":48,"name":"Account de prueba","updatedAt":"2022-07-28T02:05:20.609Z"},"level":"info","message":"create.account.step1"}
{"level":"info","message":"create.account.step2","user":{"active":true,"createdAt":"2022-07-28T02:05:20.715Z","email":"admin@admin.com","firstName":"Admin","id":49,"lastName":"Test","password":"$2b$10$QlufcfBKkGS7NDbQgtFxb.YzGNHN5icywpnUXbKFf8ZMNh92i7rxy","updatedAt":"2022-07-28T02:05:20.715Z"}}
{"account":{"active":true,"createdAt":"2022-07-28T02:05:22.315Z","id":49,"name":"Account de prueba","updatedAt":"2022-07-28T02:05:22.315Z"},"level":"info","message":"create.account.step1"}
{"level":"info","message":"create.account.step2","user":{"active":true,"createdAt":"2022-07-28T02:05:22.404Z","email":"admin@admin.com","firstName":"Admin","id":50,"lastName":"Test","password":"$2b$10$U84nUJXKw7mxMPEH1lFOZumktS2fIXzcKsN0cycXEXNUdRfhNMoJO","updatedAt":"2022-07-28T02:05:22.404Z"}}
{"account":{"active":true,"createdAt":"2022-07-28T02:05:23.015Z","id":50,"name":"Account de prueba","updatedAt":"2022-07-28T02:05:23.015Z"},"level":"info","message":"create.account.step1"}
{"level":"info","message":"create.account.step2","user":{"active":true,"createdAt":"2022-07-28T02:05:23.106Z","email":"admin@admin.com","firstName":"Admin","id":51,"lastName":"Test","password":"$2b$10$XdiORMt5wToDd482RqWHouVqjsoFIhXMPu.2ZMhBS5vddFL7Nl6jW","updatedAt":"2022-07-28T02:05:23.106Z"}}
{"account":{"active":true,"createdAt":"2022-07-28T02:05:23.636Z","id":51,"name":"Account de prueba","updatedAt":"2022-07-28T02:05:23.636Z"},"level":"info","message":"create.account.step1"}
{"level":"info","message":"create.account.step2","user":{"active":true,"createdAt":"2022-07-28T02:05:23.729Z","email":"admin@admin.com","firstName":"Admin","id":52,"lastName":"Test","password":"$2b$10$ZE2oBFAtoYq3w.aCCLmKneNSvZwSMfn7kabz4h3Vm.rmLZNtK4a1q","updatedAt":"2022-07-28T02:05:23.729Z"}}
{"account":{"active":true,"createdAt":"2022-07-28T02:05:24.108Z","id":52,"name":"Account de prueba","updatedAt":"2022-07-28T02:05:24.108Z"},"level":"info","message":"create.account.step1"}
{"level":"info","message":"create.account.step2","user":{"active":true,"createdAt":"2022-07-28T02:05:24.181Z","email":"admin@admin.com","firstName":"Admin","id":53,"lastName":"Test","password":"$2b$10$JjTL2OZz9W28VoFmuZegsuFMXwF6VIw9wazYys4pOr/yxX.aapVlW","updatedAt":"2022-07-28T02:05:24.181Z"}}
{"account":{"active":true,"createdAt":"2022-07-28T02:05:24.627Z","id":53,"name":"Account de prueba","updatedAt":"2022-07-28T02:05:24.627Z"},"level":"info","message":"create.account.step1"}
{"level":"info","message":"create.account.step2","user":{"active":true,"createdAt":"2022-07-28T02:05:24.695Z","email":"admin@admin.com","firstName":"Admin","id":54,"lastName":"Test","password":"$2b$10$ZkBO3nN.SOhzlJIfyjLqV.vdCqCaBusmdFjOIC8iednzjGpqScdTK","updatedAt":"2022-07-28T02:05:24.695Z"}}
{"account":{"active":true,"createdAt":"2022-07-28T02:11:45.586Z","id":54,"name":"Account de prueba","updatedAt":"2022-07-28T02:11:45.586Z"},"level":"info","message":"create.account.step1"}
{"level":"info","message":"create.account.step2","user":{"active":true,"createdAt":"2022-07-28T02:11:45.691Z","email":"admin@admin.com","firstName":"Admin","id":55,"lastName":"Test","password":"$2b$10$Y2.WPabibf2qKENI1ZWe/.AqmI.3y94rswwFf9gTNZy6dIc6154ju","updatedAt":"2022-07-28T02:11:45.691Z"}}
{"account":{"active":true,"createdAt":"2022-07-28T02:20:50.105Z","id":55,"name":"Account de prueba","updatedAt":"2022-07-28T02:20:50.105Z"},"level":"info","message":"create.account.step1"}
{"level":"info","message":"create.account.step2","user":{"active":true,"createdAt":"2022-07-28T02:20:50.216Z","email":"admin@admin.com","firstName":"Admin","id":56,"lastName":"Test","password":"$2b$10$Zna8HsPOMYrCjgp2f4.Lau4KRBT6Ry/eNOfWmwNNmQuT1ppBACYc.","updatedAt":"2022-07-28T02:20:50.216Z"}}
{"account":{"active":true,"createdAt":"2022-07-28T02:20:50.776Z","id":56,"name":"Account de prueba","updatedAt":"2022-07-28T02:20:50.776Z"},"level":"info","message":"create.account.step1"}
{"level":"info","message":"create.account.step2","user":{"active":true,"createdAt":"2022-07-28T02:20:50.864Z","email":"admin@admin.com","firstName":"Admin","id":57,"lastName":"Test","password":"$2b$10$1UqEf5adtqTz0Ye4J/9eE.I3PashjQP98WgOUSmL5oTDDz7Lshsi.","updatedAt":"2022-07-28T02:20:50.864Z"}}
{"account":{"active":true,"createdAt":"2022-07-28T02:21:45.806Z","id":57,"name":"Account de prueba","updatedAt":"2022-07-28T02:21:45.806Z"},"level":"info","message":"create.account.step1"}
{"level":"info","message":"create.account.step2","user":{"active":true,"createdAt":"2022-07-28T02:21:45.915Z","email":"admin@admin.com","firstName":"Admin","id":58,"lastName":"Test","password":"$2b$10$zGxXiRUwtIlfrM1R/cBh6.XZTBMwX9xvnN7hQWDdW.Go8gAXn4h5i","updatedAt":"2022-07-28T02:21:45.915Z"}}
{"account":{"active":true,"createdAt":"2022-07-28T02:21:46.528Z","id":58,"name":"Account de prueba","updatedAt":"2022-07-28T02:21:46.528Z"},"level":"info","message":"create.account.step1"}
{"level":"info","message":"create.account.step2","user":{"active":true,"createdAt":"2022-07-28T02:21:46.623Z","email":"admin@admin.com","firstName":"Admin","id":59,"lastName":"Test","password":"$2b$10$pbdOWQ7yt5bAEanDK/1Xiu8MahcCteCnq9SeWVvV3d9pom9O9ZeFW","updatedAt":"2022-07-28T02:21:46.623Z"}}
{"account":{"active":true,"createdAt":"2022-07-28T02:22:30.482Z","id":59,"name":"Account de prueba","updatedAt":"2022-07-28T02:22:30.482Z"},"level":"info","message":"create.account.step1"}
{"level":"info","message":"create.account.step2","user":{"active":true,"createdAt":"2022-07-28T02:22:30.590Z","email":"admin@admin.com","firstName":"Admin","id":60,"lastName":"Test","password":"$2b$10$HWITA65m7P8fwAw./5VSmOpQsJhFqBUaGG1p.0jEzTX3I3cTeEDmi","updatedAt":"2022-07-28T02:22:30.590Z"}}
{"account":{"active":true,"createdAt":"2022-07-28T02:23:40.281Z","id":60,"name":"Account de prueba","updatedAt":"2022-07-28T02:23:40.281Z"},"level":"info","message":"create.account.step1"}
{"level":"info","message":"create.account.step2","user":{"active":true,"createdAt":"2022-07-28T02:23:40.394Z","email":"admin@admin.com","firstName":"Admin","id":61,"lastName":"Test","password":"$2b$10$mv/w5YF.ZgDY9z8t.gmlXeskotrvv8sHo.lem3lEYoKaGTMwbaPkK","updatedAt":"2022-07-28T02:23:40.394Z"}}
{"account":{"active":true,"createdAt":"2022-07-28T02:23:59.018Z","id":61,"name":"Account de prueba","updatedAt":"2022-07-28T02:23:59.018Z"},"level":"info","message":"create.account.step1"}
{"level":"info","message":"create.account.step2","user":{"active":true,"createdAt":"2022-07-28T02:23:59.129Z","email":"admin@admin.com","firstName":"Admin","id":62,"lastName":"Test","password":"$2b$10$u8d4wJgP0fUTmyg2AFFXy.F4qRbuuWoN/bnQR86qvrqNllyO/wzpK","updatedAt":"2022-07-28T02:23:59.129Z"}}
{"account":{"active":true,"createdAt":"2022-07-28T02:23:59.701Z","id":62,"name":"Account de prueba","updatedAt":"2022-07-28T02:23:59.701Z"},"level":"info","message":"create.account.step1"}
{"level":"info","message":"create.account.step2","user":{"active":true,"createdAt":"2022-07-28T02:23:59.790Z","email":"admin@admin.com","firstName":"Admin","id":63,"lastName":"Test","password":"$2b$10$SCCxhso14Db3xKd38tcrjuGQlgM.DwVEeCmqgfqKFniYEyQ8HpjOG","updatedAt":"2022-07-28T02:23:59.790Z"}}
{"error":{"code":"VALIDATION_ERROR"},"level":"error","message":"generic.error"}
{"account":{"active":true,"createdAt":"2022-07-28T02:29:52.401Z","id":63,"name":"Account de prueba","updatedAt":"2022-07-28T02:29:52.401Z"},"level":"info","message":"create.account.step1"}
{"level":"info","message":"create.account.step2","user":{"active":true,"createdAt":"2022-07-28T02:29:52.522Z","email":"admin@admin.com","firstName":"Admin","id":64,"lastName":"Test","password":"$2b$10$Fhu3iseSQkiYyROcLnYKRuCEWArvpB6vESg7SmFTFnrpxl5B4O1Pi","updatedAt":"2022-07-28T02:29:52.522Z"}}
{"account":{"active":true,"createdAt":"2022-07-28T02:38:15.967Z","id":64,"name":"Account de prueba","updatedAt":"2022-07-28T02:38:15.967Z"},"level":"info","message":"create.account.step1"}
{"level":"info","message":"create.account.step2","user":{"active":true,"createdAt":"2022-07-28T02:38:16.077Z","email":"admin@admin.com","firstName":"Admin","id":65,"lastName":"Test","password":"$2b$10$JXPb10GYwa2K8WYJ/p2RMOeSLFkd.zrGaxKXoQSgFLqmMDFmLHEJu","updatedAt":"2022-07-28T02:38:16.077Z"}}
{"account":{"active":true,"createdAt":"2022-07-28T02:42:37.875Z","id":65,"name":"Account de prueba","updatedAt":"2022-07-28T02:42:37.875Z"},"level":"info","message":"create.account.step1"}
{"level":"info","message":"create.account.step2","user":{"active":true,"createdAt":"2022-07-28T02:42:37.986Z","email":"admin@admin.com","firstName":"Admin","id":66,"lastName":"Test","password":"$2b$10$FV/pv/KTa.KJ6Ze5LNJoh.xV.2EMBs9edm7Mjc3hSyCTZuB98XR1m","updatedAt":"2022-07-28T02:42:37.986Z"}}
{"account":{"active":true,"createdAt":"2022-07-28T02:57:12.372Z","id":66,"name":"Account de prueba","updatedAt":"2022-07-28T02:57:12.372Z"},"level":"info","message":"create.account.step1"}
{"level":"info","message":"create.account.step2","user":{"active":true,"createdAt":"2022-07-28T02:57:12.481Z","email":"admin@admin.com","firstName":"Admin","id":67,"lastName":"Test","password":"$2b$10$xrBueTZZMAoHtNaUEDP6Z.OzY9XM1VO0um8u4FF/DmPlIPWa2XgRe","updatedAt":"2022-07-28T02:57:12.481Z"}}
{"error":{},"level":"error","message":"generic.error"}
{"error":{},"level":"error","message":"generic.error"}
{"error":{},"level":"error","message":"generic.error"}
{"error":{},"level":"error","message":"generic.error"}
{"error":{},"level":"error","message":"generic.error"}
{"error":{},"level":"error","message":"generic.error"}
{"error":{},"level":"error","message":"generic.error"}
{"error":{},"level":"error","message":"generic.error"}
{"error":{},"level":"error","message":"generic.error"}
{"account":{"active":true,"createdAt":"2022-07-28T18:45:43.451Z","id":67,"name":"Account de prueba","updatedAt":"2022-07-28T18:45:43.451Z"},"level":"info","message":"create.account.step1"}
{"level":"info","message":"create.account.step2","user":{"active":true,"createdAt":"2022-07-28T18:45:43.577Z","email":"admin@admin.com","firstName":"Admin","id":68,"lastName":"Test","password":"$2b$10$NEzCd3FvC/XCIYj3R9hameRBBjA1EI.hVBej1yQDqFfVLu7fek8/6","updatedAt":"2022-07-28T18:45:43.577Z"}}
{"error":{"code":"VALIDATION_ERROR"},"level":"error","message":"generic.error"}
{"account":{"active":true,"createdAt":"2022-07-29T00:03:29.039Z","id":68,"name":"Account de prueba","updatedAt":"2022-07-29T00:03:29.039Z"},"level":"info","message":"create.account.step1"}
{"level":"info","message":"create.account.step2","user":{"active":true,"createdAt":"2022-07-29T00:03:29.124Z","email":"admin@admin.com","firstName":"Admin","id":69,"lastName":"Test","password":"$2b$10$13rSzT/E7x8nTwp8mQRKSOBG398GJ83EVlWKJBNK1VGeK2wUFP5Ne","updatedAt":"2022-07-29T00:03:29.124Z"}}
{"error":{},"level":"error","message":"generic.error"}
{"account":{"active":true,"createdAt":"2022-07-29T00:04:44.438Z","id":69,"name":"Account de prueba","updatedAt":"2022-07-29T00:04:44.438Z"},"level":"info","message":"create.account.step1"}
{"level":"info","message":"create.account.step2","user":{"active":true,"createdAt":"2022-07-29T00:04:44.537Z","email":"admin@admin.com","firstName":"Admin","id":70,"lastName":"Test","password":"$2b$10$nqxTz/jWDltpT.NPqddAXOHw/vev9XGRn7RbmxTABiw3xNV4uJjWW","updatedAt":"2022-07-29T00:04:44.537Z"}}
{"account":{"active":true,"createdAt":"2022-07-29T00:05:25.596Z","id":70,"name":"Account de prueba","updatedAt":"2022-07-29T00:05:25.596Z"},"level":"info","message":"create.account.step1"}
{"level":"info","message":"create.account.step2","user":{"active":true,"createdAt":"2022-07-29T00:05:25.675Z","email":"admin@admin.com","firstName":"Admin","id":71,"lastName":"Test","password":"$2b$10$MOydNQBVYIivNvsCQ4hb.Or8tzTpTUf1w1I2VIOpGFY4hu02/.5uK","updatedAt":"2022-07-29T00:05:25.675Z"}}
{"account":{"active":true,"createdAt":"2022-07-29T00:05:26.386Z","id":71,"name":"Account de prueba","updatedAt":"2022-07-29T00:05:26.386Z"},"level":"info","message":"create.account.step1"}
{"level":"info","message":"create.account.step2","user":{"active":true,"createdAt":"2022-07-29T00:05:26.471Z","email":"admin@admin.com","firstName":"Admin","id":72,"lastName":"Test","password":"$2b$10$888TUHxaEker3onm6r7jiuKX3XHHcHjiXlGEgAgB4WvoHM9BaPXfS","updatedAt":"2022-07-29T00:05:26.471Z"}}
{"account":{"active":true,"createdAt":"2022-07-29T00:05:27.031Z","id":72,"name":"Account de prueba","updatedAt":"2022-07-29T00:05:27.031Z"},"level":"info","message":"create.account.step1"}
{"level":"info","message":"create.account.step2","user":{"active":true,"createdAt":"2022-07-29T00:05:27.105Z","email":"admin@admin.com","firstName":"Admin","id":73,"lastName":"Test","password":"$2b$10$oVUlDrQijoxTuqQnmj3uLucHERNddbT4uV5KzkrK/YFSJgpBMArKm","updatedAt":"2022-07-29T00:05:27.105Z"}}
{"account":{"active":true,"createdAt":"2022-07-29T00:05:27.740Z","id":73,"name":"Account de prueba","updatedAt":"2022-07-29T00:05:27.740Z"},"level":"info","message":"create.account.step1"}
{"level":"info","message":"create.account.step2","user":{"active":true,"createdAt":"2022-07-29T00:05:27.816Z","email":"admin@admin.com","firstName":"Admin","id":74,"lastName":"Test","password":"$2b$10$KBljQB/8a690gyR8GimjC.MvSaOt2AgP1vaysTvTKSGhdxZsaxylS","updatedAt":"2022-07-29T00:05:27.816Z"}}
{"account":{"active":true,"createdAt":"2022-07-29T00:27:22.885Z","id":74,"name":"Account de prueba","updatedAt":"2022-07-29T00:27:22.885Z"},"level":"info","message":"create.account.step1"}
{"error":{},"level":"error","message":"generic.error"}
{"account":{"active":true,"createdAt":"2022-07-29T00:28:27.174Z","id":74,"name":"Account de prueba","updatedAt":"2022-07-29T00:28:27.174Z"},"level":"info","message":"create.account.step1"}
{"level":"info","message":"create.account.step2","user":{"active":true,"createdAt":"2022-07-29T00:28:27.263Z","email":"admin@admin.com","firstName":"Admin","id":75,"lastName":"Test","password":"$2b$10$eu2zsFm49oQi49gSlkopdeSi8lkb0Q7BiAqr6GwUCdF8zSwljssLe","updatedAt":"2022-07-29T00:28:27.263Z"}}
{"account":{"active":true,"createdAt":"2022-07-29T00:28:30.867Z","id":75,"name":"Account de prueba","updatedAt":"2022-07-29T00:28:30.867Z"},"level":"info","message":"create.account.step1"}
{"level":"info","message":"create.account.step2","user":{"active":true,"createdAt":"2022-07-29T00:28:30.955Z","email":"admin@admin.com","firstName":"Admin","id":76,"lastName":"Test","password":"$2b$10$hTtA5k1RvXgqFdgeLLXI4uQlPfmuQRVWXXfNN0Hjat/bS4PPEs3ca","updatedAt":"2022-07-29T00:28:30.955Z"}}
{"account":{"active":true,"createdAt":"2022-07-29T00:28:34.930Z","id":76,"name":"Account de prueba","updatedAt":"2022-07-29T00:28:34.930Z"},"level":"info","message":"create.account.step1"}
{"level":"info","message":"create.account.step2","user":{"active":true,"createdAt":"2022-07-29T00:28:35.013Z","email":"admin@admin.com","firstName":"Admin","id":77,"lastName":"Test","password":"$2b$10$OPbf.9AXlCeINV/RFwpjO.ybkw25rt05gWFAxig8RD3sar9XzgFw6","updatedAt":"2022-07-29T00:28:35.013Z"}}
{"account":{"active":true,"createdAt":"2022-07-29T00:29:50.002Z","id":1,"name":"Account de prueba","updatedAt":"2022-07-29T00:29:50.002Z"},"level":"info","message":"create.account.step1"}
{"level":"info","message":"create.account.step2","user":{"active":true,"createdAt":"2022-07-29T00:29:50.086Z","email":"admin@admin.com","firstName":"Admin","id":2,"lastName":"Test","password":"$2b$10$.egQC0BI1CIlHESZJQfGMe0tyjLQADXAEoK/LGcvIUE/WACFNkUGe","updatedAt":"2022-07-29T00:29:50.086Z"}}
{"error":{"name":"SequelizeEagerLoadingError"},"level":"error","message":"generic.error"}
{"error":{"code":"AUTHENTICATION_ERROR"},"level":"error","message":"generic.error"}
{"error":{},"level":"error","message":"generic.error"}
{"account":{"active":true,"createdAt":"2022-07-29T02:32:35.317Z","deletedAt":null,"id":1,"name":"God account by admin","updatedAt":"2022-07-29T02:32:35.317Z"},"accountId":1,"active":true,"createdAt":"2022-07-29T02:32:35.418Z","deletedAt":null,"email":"admin@admin.com","firstName":"God","id":1,"lastName":"","level":"info","message":"user.authenticated","password":"$2b$10$hYfRLDQ/8Vh6B3MSij1ZfeoN7w2CSjAsbJ5ixon0OyAsMyOt6Ci9S","profile":{"avatar":null,"createdAt":"2022-07-29T02:32:35.420Z","deletedAt":null,"id":1,"updatedAt":"2022-07-29T02:32:35.420Z","userId":1},"updatedAt":"2022-07-29T02:32:35.418Z"}
{"level":"info","message":"user.authenticated"}
{"level":"info","message":"user.authenticated"}
{"error":{"code":"VALIDATION_ERROR"},"level":"error","message":"generic.error"}
{"level":"info","message":"user.authenticated"}
{"account":{"active":true,"createdAt":"2022-07-29T20:13:52.241Z","id":2,"name":"Account de prueba","updatedAt":"2022-07-29T20:13:52.241Z"},"level":"info","message":"create.account.step1"}
{"error":{"errors":[{"instance":{"active":true,"createdAt":"2022-07-29T20:13:52.326Z","email":"admin@admin.com","firstName":"Admin","id":null,"lastName":"Test","password":"$2b$10$22b6TCJK9blUAsz2248UPOjDf9lwnM870YTZG0iE0UIosUJGA0sUu","updatedAt":"2022-07-29T20:13:52.326Z"},"message":"email must be unique","origin":"DB","path":"email","type":"unique violation","validatorArgs":[],"validatorKey":"not_unique","validatorName":null,"value":"admin@admin.com"}],"fields":["email"],"name":"SequelizeUniqueConstraintError","original":{"code":"SQLITE_CONSTRAINT","errno":19,"sql":"INSERT INTO `users` (`id`,`firstName`,`lastName`,`email`,`password`,`active`,`createdAt`,`updatedAt`) VALUES (NULL,$1,$2,$3,$4,$5,$6,$7);"},"parent":{"code":"SQLITE_CONSTRAINT","errno":19,"sql":"INSERT INTO `users` (`id`,`firstName`,`lastName`,`email`,`password`,`active`,`createdAt`,`updatedAt`) VALUES (NULL,$1,$2,$3,$4,$5,$6,$7);"},"sql":"INSERT INTO `users` (`id`,`firstName`,`lastName`,`email`,`password`,`active`,`createdAt`,`updatedAt`) VALUES (NULL,$1,$2,$3,$4,$5,$6,$7);"},"level":"error","message":"generic.error"}
{"account":{"active":true,"createdAt":"2022-07-29T20:16:59.295Z","id":2,"name":"Account de prueba","updatedAt":"2022-07-29T20:16:59.295Z"},"level":"info","message":"create.account.step1"}
{"error":{"errors":[{"instance":{"active":true,"createdAt":"2022-07-29T20:16:59.386Z","email":"admin@admin.com","firstName":"Admin","id":null,"lastName":"Test","password":"$2b$10$5SxZR82X0aEFXgX3QjQPJ.s5FYgPsIIfN4brnEMGej3NBNsZ9eEty","updatedAt":"2022-07-29T20:16:59.386Z"},"message":"email must be unique","origin":"DB","path":"email","type":"unique violation","validatorArgs":[],"validatorKey":"not_unique","validatorName":null,"value":"admin@admin.com"}],"fields":["email"],"name":"SequelizeUniqueConstraintError","original":{"code":"SQLITE_CONSTRAINT","errno":19,"sql":"INSERT INTO `users` (`id`,`firstName`,`lastName`,`email`,`password`,`active`,`createdAt`,`updatedAt`) VALUES (NULL,$1,$2,$3,$4,$5,$6,$7);"},"parent":{"code":"SQLITE_CONSTRAINT","errno":19,"sql":"INSERT INTO `users` (`id`,`firstName`,`lastName`,`email`,`password`,`active`,`createdAt`,`updatedAt`) VALUES (NULL,$1,$2,$3,$4,$5,$6,$7);"},"sql":"INSERT INTO `users` (`id`,`firstName`,`lastName`,`email`,`password`,`active`,`createdAt`,`updatedAt`) VALUES (NULL,$1,$2,$3,$4,$5,$6,$7);"},"level":"error","message":"generic.error"}
{"account":{"active":true,"createdAt":"2022-07-29T20:17:18.101Z","id":2,"name":"Account de prueba","updatedAt":"2022-07-29T20:17:18.101Z"},"level":"info","message":"create.account.step1"}
{"level":"info","message":"create.account.step2","user":{"active":true,"createdAt":"2022-07-29T20:17:18.187Z","email":"admiwn@admin.com","firstName":"Admin","id":2,"lastName":"Test","password":"$2b$10$.hbmRINLwtdHbLeAehs//.o3aVbAKWXnEnJGMYj.mxseBEM8yh4ou","updatedAt":"2022-07-29T20:17:18.187Z"}}
{"account":{"active":true,"createdAt":"2022-07-29T20:17:21.055Z","id":3,"name":"Account de prueba","updatedAt":"2022-07-29T20:17:21.055Z"},"level":"info","message":"create.account.step1"}
{"error":{"errors":[{"instance":{"active":true,"createdAt":"2022-07-29T20:17:21.148Z","email":"admiwn@admin.com","firstName":"Admin","id":null,"lastName":"Test","password":"$2b$10$2mHq4pcURPmoTqqRsX2YT.yXNiOdUa/.VKqLuFaa6qz4dQR7edMee","updatedAt":"2022-07-29T20:17:21.148Z"},"message":"email must be unique","origin":"DB","path":"email","type":"unique violation","validatorArgs":[],"validatorKey":"not_unique","validatorName":null,"value":"admiwn@admin.com"}],"fields":["email"],"name":"SequelizeUniqueConstraintError","original":{"code":"SQLITE_CONSTRAINT","errno":19,"sql":"INSERT INTO `users` (`id`,`firstName`,`lastName`,`email`,`password`,`active`,`createdAt`,`updatedAt`) VALUES (NULL,$1,$2,$3,$4,$5,$6,$7);"},"parent":{"code":"SQLITE_CONSTRAINT","errno":19,"sql":"INSERT INTO `users` (`id`,`firstName`,`lastName`,`email`,`password`,`active`,`createdAt`,`updatedAt`) VALUES (NULL,$1,$2,$3,$4,$5,$6,$7);"},"sql":"INSERT INTO `users` (`id`,`firstName`,`lastName`,`email`,`password`,`active`,`createdAt`,`updatedAt`) VALUES (NULL,$1,$2,$3,$4,$5,$6,$7);"},"level":"error","message":"generic.error"}
