{"error":{"code":"VALIDATION_ERROR"},"level":"error","message":"generic.error"}
{"error":{},"level":"error","message":"generic.error"}
{"error":{},"level":"error","message":"generic.error"}
{"error":{},"level":"error","message":"generic.error"}
{"error":{},"level":"error","message":"generic.error"}
{"error":{},"level":"error","message":"generic.error"}
{"error":{},"level":"error","message":"generic.error"}
{"error":{},"level":"error","message":"generic.error"}
{"error":{},"level":"error","message":"generic.error"}
{"error":{},"level":"error","message":"generic.error"}
{"error":{"code":"VALIDATION_ERROR"},"level":"error","message":"generic.error"}
{"error":{},"level":"error","message":"generic.error"}
{"error":{},"level":"error","message":"generic.error"}
{"error":{"name":"SequelizeEagerLoadingError"},"level":"error","message":"generic.error"}
{"error":{"code":"AUTHENTICATION_ERROR"},"level":"error","message":"generic.error"}
{"error":{},"level":"error","message":"generic.error"}
{"error":{"code":"VALIDATION_ERROR"},"level":"error","message":"generic.error"}
{"error":{"errors":[{"instance":{"active":true,"createdAt":"2022-07-29T20:13:52.326Z","email":"admin@admin.com","firstName":"Admin","id":null,"lastName":"Test","password":"$2b$10$22b6TCJK9blUAsz2248UPOjDf9lwnM870YTZG0iE0UIosUJGA0sUu","updatedAt":"2022-07-29T20:13:52.326Z"},"message":"email must be unique","origin":"DB","path":"email","type":"unique violation","validatorArgs":[],"validatorKey":"not_unique","validatorName":null,"value":"admin@admin.com"}],"fields":["email"],"name":"SequelizeUniqueConstraintError","original":{"code":"SQLITE_CONSTRAINT","errno":19,"sql":"INSERT INTO `users` (`id`,`firstName`,`lastName`,`email`,`password`,`active`,`createdAt`,`updatedAt`) VALUES (NULL,$1,$2,$3,$4,$5,$6,$7);"},"parent":{"code":"SQLITE_CONSTRAINT","errno":19,"sql":"INSERT INTO `users` (`id`,`firstName`,`lastName`,`email`,`password`,`active`,`createdAt`,`updatedAt`) VALUES (NULL,$1,$2,$3,$4,$5,$6,$7);"},"sql":"INSERT INTO `users` (`id`,`firstName`,`lastName`,`email`,`password`,`active`,`createdAt`,`updatedAt`) VALUES (NULL,$1,$2,$3,$4,$5,$6,$7);"},"level":"error","message":"generic.error"}
{"error":{"errors":[{"instance":{"active":true,"createdAt":"2022-07-29T20:16:59.386Z","email":"admin@admin.com","firstName":"Admin","id":null,"lastName":"Test","password":"$2b$10$5SxZR82X0aEFXgX3QjQPJ.s5FYgPsIIfN4brnEMGej3NBNsZ9eEty","updatedAt":"2022-07-29T20:16:59.386Z"},"message":"email must be unique","origin":"DB","path":"email","type":"unique violation","validatorArgs":[],"validatorKey":"not_unique","validatorName":null,"value":"admin@admin.com"}],"fields":["email"],"name":"SequelizeUniqueConstraintError","original":{"code":"SQLITE_CONSTRAINT","errno":19,"sql":"INSERT INTO `users` (`id`,`firstName`,`lastName`,`email`,`password`,`active`,`createdAt`,`updatedAt`) VALUES (NULL,$1,$2,$3,$4,$5,$6,$7);"},"parent":{"code":"SQLITE_CONSTRAINT","errno":19,"sql":"INSERT INTO `users` (`id`,`firstName`,`lastName`,`email`,`password`,`active`,`createdAt`,`updatedAt`) VALUES (NULL,$1,$2,$3,$4,$5,$6,$7);"},"sql":"INSERT INTO `users` (`id`,`firstName`,`lastName`,`email`,`password`,`active`,`createdAt`,`updatedAt`) VALUES (NULL,$1,$2,$3,$4,$5,$6,$7);"},"level":"error","message":"generic.error"}
{"error":{"errors":[{"instance":{"active":true,"createdAt":"2022-07-29T20:17:21.148Z","email":"admiwn@admin.com","firstName":"Admin","id":null,"lastName":"Test","password":"$2b$10$2mHq4pcURPmoTqqRsX2YT.yXNiOdUa/.VKqLuFaa6qz4dQR7edMee","updatedAt":"2022-07-29T20:17:21.148Z"},"message":"email must be unique","origin":"DB","path":"email","type":"unique violation","validatorArgs":[],"validatorKey":"not_unique","validatorName":null,"value":"admiwn@admin.com"}],"fields":["email"],"name":"SequelizeUniqueConstraintError","original":{"code":"SQLITE_CONSTRAINT","errno":19,"sql":"INSERT INTO `users` (`id`,`firstName`,`lastName`,`email`,`password`,`active`,`createdAt`,`updatedAt`) VALUES (NULL,$1,$2,$3,$4,$5,$6,$7);"},"parent":{"code":"SQLITE_CONSTRAINT","errno":19,"sql":"INSERT INTO `users` (`id`,`firstName`,`lastName`,`email`,`password`,`active`,`createdAt`,`updatedAt`) VALUES (NULL,$1,$2,$3,$4,$5,$6,$7);"},"sql":"INSERT INTO `users` (`id`,`firstName`,`lastName`,`email`,`password`,`active`,`createdAt`,`updatedAt`) VALUES (NULL,$1,$2,$3,$4,$5,$6,$7);"},"level":"error","message":"generic.error"}
{"error":{},"level":"error","message":"generic.error"}
{"error":{},"level":"error","message":"generic.error"}
{"error":{},"level":"error","message":"generic.error"}
{"error":{},"level":"error","message":"generic.error"}
{"error":{"errors":[{"instance":{"active":true,"createdAt":"2022-08-27T23:40:13.201Z","email":"admin2@admin.com","firstName":"Admin","id":null,"lastName":"Test","password":"$2b$10$/Mp7btr4oXhgvwBC0hU75e11.OvDWZYj0T/2wGEJNysGGRhje7KRO","updatedAt":"2022-08-27T23:40:13.201Z"},"message":"email must be unique","origin":"DB","path":"email","type":"unique violation","validatorArgs":[],"validatorKey":"not_unique","validatorName":null,"value":"admin2@admin.com"}],"fields":["email"],"name":"SequelizeUniqueConstraintError","original":{"code":"SQLITE_CONSTRAINT","errno":19,"sql":"INSERT INTO `users` (`id`,`firstName`,`lastName`,`email`,`password`,`active`,`createdAt`,`updatedAt`) VALUES (NULL,$1,$2,$3,$4,$5,$6,$7);"},"parent":{"code":"SQLITE_CONSTRAINT","errno":19,"sql":"INSERT INTO `users` (`id`,`firstName`,`lastName`,`email`,`password`,`active`,`createdAt`,`updatedAt`) VALUES (NULL,$1,$2,$3,$4,$5,$6,$7);"},"sql":"INSERT INTO `users` (`id`,`firstName`,`lastName`,`email`,`password`,`active`,`createdAt`,`updatedAt`) VALUES (NULL,$1,$2,$3,$4,$5,$6,$7);"},"level":"error","message":"generic.error"}
{"error":{"errors":[{"instance":{"active":true,"createdAt":"2022-08-27T23:40:19.068Z","email":"admin2@admin.com","firstName":"Admin","id":null,"lastName":"Test","password":"$2b$10$YPT4csdL.o0llg1e0CpdeeNrfuBv4S.vSuoNsiChdJgXDpRJng01u","updatedAt":"2022-08-27T23:40:19.068Z"},"message":"email must be unique","origin":"DB","path":"email","type":"unique violation","validatorArgs":[],"validatorKey":"not_unique","validatorName":null,"value":"admin2@admin.com"}],"fields":["email"],"name":"SequelizeUniqueConstraintError","original":{"code":"SQLITE_CONSTRAINT","errno":19,"sql":"INSERT INTO `users` (`id`,`firstName`,`lastName`,`email`,`password`,`active`,`createdAt`,`updatedAt`) VALUES (NULL,$1,$2,$3,$4,$5,$6,$7);"},"parent":{"code":"SQLITE_CONSTRAINT","errno":19,"sql":"INSERT INTO `users` (`id`,`firstName`,`lastName`,`email`,`password`,`active`,`createdAt`,`updatedAt`) VALUES (NULL,$1,$2,$3,$4,$5,$6,$7);"},"sql":"INSERT INTO `users` (`id`,`firstName`,`lastName`,`email`,`password`,`active`,`createdAt`,`updatedAt`) VALUES (NULL,$1,$2,$3,$4,$5,$6,$7);"},"level":"error","message":"generic.error"}
{"error":{"errors":[{"instance":{"active":true,"createdAt":"2022-08-27T23:44:47.458Z","email":"admin3@admin.com","firstName":"Admin","id":null,"lastName":"Test","password":"$2b$10$e3ZjAdnMGdpDH3oOTJslPe.49iDGJkpDbHSPFRy0653weYvJAM8Yy","updatedAt":"2022-08-27T23:44:47.458Z"},"message":"email must be unique","origin":"DB","path":"email","type":"unique violation","validatorArgs":[],"validatorKey":"not_unique","validatorName":null,"value":"admin3@admin.com"}],"fields":["email"],"name":"SequelizeUniqueConstraintError","original":{"code":"SQLITE_CONSTRAINT","errno":19,"sql":"INSERT INTO `users` (`id`,`firstName`,`lastName`,`email`,`password`,`active`,`createdAt`,`updatedAt`) VALUES (NULL,$1,$2,$3,$4,$5,$6,$7);"},"parent":{"code":"SQLITE_CONSTRAINT","errno":19,"sql":"INSERT INTO `users` (`id`,`firstName`,`lastName`,`email`,`password`,`active`,`createdAt`,`updatedAt`) VALUES (NULL,$1,$2,$3,$4,$5,$6,$7);"},"sql":"INSERT INTO `users` (`id`,`firstName`,`lastName`,`email`,`password`,`active`,`createdAt`,`updatedAt`) VALUES (NULL,$1,$2,$3,$4,$5,$6,$7);"},"level":"error","message":"generic.error"}
